0 info it worked if it ends with ok
1 verbose cli [ '/Users/boutell/myapostrophe/bin/node',
1 verbose cli   '/Users/boutell/myapostrophe/bin/npm',
1 verbose cli   'owner',
1 verbose cli   'add',
1 verbose cli   'stuartromanek',
1 verbose cli   'livhaas' ]
2 info using npm@1.3.14
3 info using node@v0.10.22
4 verbose owner add stuartromanek to livhaas
5 verbose url raw /-/user/org.couchdb.user:stuartromanek
6 verbose url resolving [ 'https://registry.npmjs.org/',
6 verbose url resolving   './-/user/org.couchdb.user:stuartromanek' ]
7 verbose url resolved https://registry.npmjs.org/-/user/org.couchdb.user:stuartromanek
8 info trying registry request attempt 1 at 17:21:18
9 verbose etag "1-f42e7551cf7e93791c2564411a8c09f6"
10 http GET https://registry.npmjs.org/-/user/org.couchdb.user:stuartromanek
11 http 304 https://registry.npmjs.org/-/user/org.couchdb.user:stuartromanek
12 silly registry.get cb [ 304,
12 silly registry.get   { server: 'CouchDB/1.3.1 (Erlang OTP/R15B03)',
12 silly registry.get     etag: '"1-f42e7551cf7e93791c2564411a8c09f6"',
12 silly registry.get     date: 'Wed, 04 Dec 2013 22:21:18 GMT',
12 silly registry.get     'content-length': '0' } ]
13 verbose etag /-/user/org.couchdb.user:stuartromanek from cache
14 verbose url raw livhaas
15 verbose url resolving [ 'https://registry.npmjs.org/', './livhaas' ]
16 verbose url resolved https://registry.npmjs.org/livhaas
17 info trying registry request attempt 1 at 17:21:18
18 http GET https://registry.npmjs.org/livhaas
19 http 404 https://registry.npmjs.org/livhaas
20 silly registry.get cb [ 404,
20 silly registry.get   { server: 'CouchDB/1.3.1 (Erlang OTP/R15B03)',
20 silly registry.get     date: 'Wed, 04 Dec 2013 22:21:18 GMT',
20 silly registry.get     'content-type': 'application/json',
20 silly registry.get     'content-length': '52',
20 silly registry.get     'cache-control': 'must-revalidate' } ]
21 error owner mutate Error getting package data for livhaas
22 error 404 'livhaas' is not in the npm registry.
22 error 404 You should bug the author to publish it
22 error 404
22 error 404 Note that you can also install from a
22 error 404 tarball, folder, or http url, or git url.
23 error System Darwin 12.5.0
24 error command "/Users/boutell/myapostrophe/bin/node" "/Users/boutell/myapostrophe/bin/npm" "owner" "add" "stuartromanek" "livhaas"
25 error cwd /Users/boutell/src/apostrophe-sandbox
26 error node -v v0.10.22
27 error npm -v 1.3.14
28 error code E404
29 verbose exit [ 1, true ]
